2022-06-28 22:08:12,351 DEBUG [main] i.n.u.i.l.InternalLoggerFactory [InternalLoggerFactory.java : 43] Using SLF4J as the default logging framework
2022-06-28 22:08:12,379 DEBUG [main] i.n.c.MultithreadEventLoopGroup [MultithreadEventLoopGroup.java : 44] -Dio.netty.eventLoopThreads: 24
2022-06-28 22:08:12,457 DEBUG [main] i.n.u.i.InternalThreadLocalMap [InternalThreadLocalMap.java : 54] -Dio.netty.threadLocalMap.stringBuilder.initialSize: 1024
2022-06-28 22:08:12,458 DEBUG [main] i.n.u.i.InternalThreadLocalMap [InternalThreadLocalMap.java : 57] -Dio.netty.threadLocalMap.stringBuilder.maxSize: 4096
2022-06-28 22:08:12,502 DEBUG [main] io.netty.channel.nio.NioEventLoop [NioEventLoop.java : 106] -Dio.netty.noKeySetOptimization: false
2022-06-28 22:08:12,503 DEBUG [main] io.netty.channel.nio.NioEventLoop [NioEventLoop.java : 107] -Dio.netty.selectorAutoRebuildThreshold: 512
2022-06-28 22:08:12,592 DEBUG [main] i.n.util.internal.PlatformDependent [PlatformDependent.java : 996] Platform: MacOS
2022-06-28 22:08:12,597 DEBUG [main] i.n.util.internal.PlatformDependent0 [PlatformDependent0.java : 395] -Dio.netty.noUnsafe: false
2022-06-28 22:08:12,597 DEBUG [main] i.n.util.internal.PlatformDependent0 [PlatformDependent0.java : 851] Java version: 8
2022-06-28 22:08:12,601 DEBUG [main] i.n.util.internal.PlatformDependent0 [PlatformDependent0.java : 120] sun.misc.Unsafe.theUnsafe: available
2022-06-28 22:08:12,603 DEBUG [main] i.n.util.internal.PlatformDependent0 [PlatformDependent0.java : 144] sun.misc.Unsafe.copyMemory: available
2022-06-28 22:08:12,605 DEBUG [main] i.n.util.internal.PlatformDependent0 [PlatformDependent0.java : 182] java.nio.Buffer.address: available
2022-06-28 22:08:12,607 DEBUG [main] i.n.util.internal.PlatformDependent0 [PlatformDependent0.java : 243] direct buffer constructor: available
2022-06-28 22:08:12,609 DEBUG [main] i.n.util.internal.PlatformDependent0 [PlatformDependent0.java : 313] java.nio.Bits.unaligned: available, true
2022-06-28 22:08:12,609 DEBUG [main] i.n.util.internal.PlatformDependent0 [PlatformDependent0.java : 378] jdk.internal.misc.Unsafe.allocateUninitializedArray(int): unavailable prior to Java9
2022-06-28 22:08:12,609 DEBUG [main] i.n.util.internal.PlatformDependent0 [PlatformDependent0.java : 385] java.nio.DirectByteBuffer.<init>(long, int): available
2022-06-28 22:08:12,610 DEBUG [main] i.n.util.internal.PlatformDependent [PlatformDependent.java : 1028] sun.misc.Unsafe: available
2022-06-28 22:08:12,611 DEBUG [main] i.n.util.internal.PlatformDependent [PlatformDependent.java : 1147] -Dio.netty.tmpdir: /var/folders/_p/v_vys4_52fx9h678ysxcz7q00000gn/T (java.io.tmpdir)
2022-06-28 22:08:12,611 DEBUG [main] i.n.util.internal.PlatformDependent [PlatformDependent.java : 1226] -Dio.netty.bitMode: 64 (sun.arch.data.model)
2022-06-28 22:08:12,615 DEBUG [main] i.n.util.internal.PlatformDependent [PlatformDependent.java : 173] -Dio.netty.maxDirectMemory: 3817865216 bytes
2022-06-28 22:08:12,615 DEBUG [main] i.n.util.internal.PlatformDependent [PlatformDependent.java : 180] -Dio.netty.uninitializedArrayAllocationThreshold: -1
2022-06-28 22:08:12,617 DEBUG [main] io.netty.util.internal.CleanerJava6 [CleanerJava6.java : 92] java.nio.ByteBuffer.cleaner(): available
2022-06-28 22:08:12,617 DEBUG [main] i.n.util.internal.PlatformDependent [PlatformDependent.java : 200] -Dio.netty.noPreferDirect: false
2022-06-28 22:08:12,637 DEBUG [main] i.n.util.internal.PlatformDependent [PlatformDependent.java : 890] org.jctools-core.MpscChunkedArrayQueue: available
2022-06-28 22:41:28,230 DEBUG [main] io.netty.channel.DefaultChannelId [DefaultChannelId.java : 79] -Dio.netty.processId: 52140 (auto-detected)
2022-06-28 22:41:28,235 DEBUG [main] io.netty.util.NetUtil [NetUtil.java : 139] -Djava.net.preferIPv4Stack: false
2022-06-28 22:41:28,235 DEBUG [main] io.netty.util.NetUtil [NetUtil.java : 140] -Djava.net.preferIPv6Addresses: false
2022-06-28 22:41:28,244 DEBUG [main] io.netty.util.NetUtil [NetUtil.java : 224] Loopback interface: lo0 (lo0, 0:0:0:0:0:0:0:1%lo0)
2022-06-28 22:41:28,245 DEBUG [main] io.netty.util.NetUtil [NetUtil.java : 289] Failed to get SOMAXCONN from sysctl and file /proc/sys/net/core/somaxconn. Default: 128
2022-06-28 22:41:28,252 DEBUG [main] io.netty.channel.DefaultChannelId [DefaultChannelId.java : 101] -Dio.netty.machineId: 14:7d:da:ff:fe:27:74:b1 (auto-detected)
2022-06-28 22:41:28,290 DEBUG [main] io.netty.util.ResourceLeakDetector [ResourceLeakDetector.java : 129] -Dio.netty.leakDetection.level: simple
2022-06-28 22:41:28,291 DEBUG [main] io.netty.util.ResourceLeakDetector [ResourceLeakDetector.java : 130] -Dio.netty.leakDetection.targetRecords: 4
2022-06-28 22:41:28,345 DEBUG [main] i.n.buffer.PooledByteBufAllocator [PooledByteBufAllocator.java : 142] -Dio.netty.allocator.numHeapArenas: 24
2022-06-28 22:41:28,346 DEBUG [main] i.n.buffer.PooledByteBufAllocator [PooledByteBufAllocator.java : 143] -Dio.netty.allocator.numDirectArenas: 24
2022-06-28 22:41:28,346 DEBUG [main] i.n.buffer.PooledByteBufAllocator [PooledByteBufAllocator.java : 145] -Dio.netty.allocator.pageSize: 8192
2022-06-28 22:41:28,346 DEBUG [main] i.n.buffer.PooledByteBufAllocator [PooledByteBufAllocator.java : 150] -Dio.netty.allocator.maxOrder: 11
2022-06-28 22:41:28,346 DEBUG [main] i.n.buffer.PooledByteBufAllocator [PooledByteBufAllocator.java : 154] -Dio.netty.allocator.chunkSize: 16777216
2022-06-28 22:41:28,346 DEBUG [main] i.n.buffer.PooledByteBufAllocator [PooledByteBufAllocator.java : 155] -Dio.netty.allocator.tinyCacheSize: 512
2022-06-28 22:41:28,346 DEBUG [main] i.n.buffer.PooledByteBufAllocator [PooledByteBufAllocator.java : 156] -Dio.netty.allocator.smallCacheSize: 256
2022-06-28 22:41:28,346 DEBUG [main] i.n.buffer.PooledByteBufAllocator [PooledByteBufAllocator.java : 157] -Dio.netty.allocator.normalCacheSize: 64
2022-06-28 22:41:28,347 DEBUG [main] i.n.buffer.PooledByteBufAllocator [PooledByteBufAllocator.java : 158] -Dio.netty.allocator.maxCachedBufferCapacity: 32768
2022-06-28 22:41:28,347 DEBUG [main] i.n.buffer.PooledByteBufAllocator [PooledByteBufAllocator.java : 159] -Dio.netty.allocator.cacheTrimInterval: 8192
2022-06-28 22:41:28,347 DEBUG [main] i.n.buffer.PooledByteBufAllocator [PooledByteBufAllocator.java : 160] -Dio.netty.allocator.cacheTrimIntervalMillis: 0
2022-06-28 22:41:28,347 DEBUG [main] i.n.buffer.PooledByteBufAllocator [PooledByteBufAllocator.java : 161] -Dio.netty.allocator.useCacheForAllThreads: true
2022-06-28 22:41:28,347 DEBUG [main] i.n.buffer.PooledByteBufAllocator [PooledByteBufAllocator.java : 162] -Dio.netty.allocator.maxCachedByteBuffersPerChunk: 1023
2022-06-28 22:41:28,361 DEBUG [main] io.netty.buffer.ByteBufUtil [ByteBufUtil.java : 85] -Dio.netty.allocator.type: pooled
2022-06-28 22:41:28,362 DEBUG [main] io.netty.buffer.ByteBufUtil [ByteBufUtil.java : 94] -Dio.netty.threadLocalDirectBufferSize: 0
2022-06-28 22:41:28,362 DEBUG [main] io.netty.buffer.ByteBufUtil [ByteBufUtil.java : 97] -Dio.netty.maxThreadLocalCharBufferSize: 16384
